2025-06-08 16:30:09,223 INFO:main.py:240:print_splash_screen:PDB2PQR v3.6.1: biomolecular structure conversion software.
2025-06-08 16:30:09,224 INFO:main.py:242:print_splash_screen:Please cite:  Jurrus E, et al.  Improvements to the APBS biomolecular solvation software suite.  Protein Sci 27 112-128 (2018).
2025-06-08 16:30:09,224 INFO:main.py:242:print_splash_screen:Please cite:  Dolinsky TJ, et al.  PDB2PQR: expanding and upgrading automated preparation of biomolecular structures for molecular simulations. Nucleic Acids Res 35 W522-W525 (2007).
2025-06-08 16:30:09,224 INFO:main.py:759:main_driver:Checking and transforming input arguments.
2025-06-08 16:30:09,226 INFO:main.py:763:main_driver:Loading topology files.
2025-06-08 16:30:09,401 INFO:main.py:765:main_driver:Loading molecule: fixed_protein_structure/pure_protein_2v0z_fix_structure.pdb
2025-06-08 16:30:09,464 INFO:main.py:770:main_driver:Setting up molecule.
2025-06-08 16:30:09,515 INFO:main.py:408:setup_molecule:Created biomolecule object with 339 residues and 5163 atoms.
2025-06-08 16:30:09,515 INFO:main.py:774:main_driver:Setting termini states for biomolecule chains.
2025-06-08 16:30:09,533 INFO:main.py:604:non_trivial:Loading forcefield.
2025-06-08 16:30:09,633 INFO:main.py:608:non_trivial:Loading hydrogen topology definitions.
2025-06-08 16:30:09,673 INFO:main.py:459:is_repairable:This biomolecule is clean.  No repair needed.
2025-06-08 16:30:09,673 INFO:main.py:623:non_trivial:Updating disulfide bridges.
2025-06-08 16:30:09,677 INFO:main.py:626:non_trivial:Debumping biomolecule.
2025-06-08 16:30:10,048 INFO:main.py:649:non_trivial:Adding hydrogens to biomolecule.
2025-06-08 16:30:10,051 INFO:main.py:652:non_trivial:Debumping biomolecule (again).
2025-06-08 16:30:10,240 INFO:main.py:654:non_trivial:Optimizing hydrogen bonds
2025-06-08 16:30:12,228 INFO:main.py:666:non_trivial:Applying force field to biomolecule states.
2025-06-08 16:30:12,234 INFO:main.py:713:non_trivial:Regenerating headers.
2025-06-08 16:30:12,237 INFO:main.py:738:non_trivial:Regenerating PDB lines.
2025-06-08 16:30:12,367 WARNING:main.py:311:print_pqr:Ignoring 391 header lines in output.
2025-06-08 16:30:12,455 WARNING:main.py:354:print_pdb:Ignoring 391 header lines in output.
